<?xml version="1.0" encoding="UTF-8"?>
<!-- Generated by org.testng.reporters.JUnitXMLReporter -->
<testsuite ignored="0" hostname="DESKTOP-6BC599G" failures="0" tests="4" name="Default test" time="4.822" errors="0" timestamp="2024-12-08T20:45:04 IST">
  <testcase classname="httpMethods.HttpRequestsClass" name="getUsers" time="3.179"/>
  <testcase classname="httpMethods.HttpRequestsClass" name="createUser" time="0.796"/>
  <testcase classname="httpMethods.HttpRequestsClass" name="updateUser" time="0.367"/>
  <testcase classname="httpMethods.HttpRequestsClass" name="deleteUser" time="0.408"/>
</testsuite> <!-- Default test -->
