<?xml version="1.0" encoding="UTF-8"?>
<testng-results ignored="0" total="4" passed="4" failed="0" skipped="0">
  <reporter-output>
  </reporter-output>
  <suite started-at="2024-12-08T20:44:59 IST" name="Default suite" finished-at="2024-12-08T20:45:04 IST" duration-ms="4822">
    <groups>
    </groups>
    <test started-at="2024-12-08T20:44:59 IST" name="Default test" finished-at="2024-12-08T20:45:04 IST" duration-ms="4822">
      <class name="httpMethods.HttpRequestsClass">
        <test-method signature="getUsers()[pri:1, instance:httpMethods.HttpRequestsClass@1d296da]" started-at="2024-12-08T20:44:59 IST" name="getUsers" finished-at="2024-12-08T20:45:03 IST" duration-ms="3179" status="PASS">
          <reporter-output>
          </reporter-output>
        </test-method> <!-- getUsers -->
        <test-method signature="createUser()[pri:2, instance:httpMethods.HttpRequestsClass@1d296da]" started-at="2024-12-08T20:45:03 IST" name="createUser" finished-at="2024-12-08T20:45:03 IST" duration-ms="796" status="PASS">
          <reporter-output>
          </reporter-output>
        </test-method> <!-- createUser -->
        <test-method signature="updateUser()[pri:3, instance:httpMethods.HttpRequestsClass@1d296da]" started-at="2024-12-08T20:45:03 IST" name="updateUser" finished-at="2024-12-08T20:45:04 IST" depends-on-methods="httpMethods.HttpRequestsClass.createUser" duration-ms="367" status="PASS">
          <reporter-output>
          </reporter-output>
        </test-method> <!-- updateUser -->
        <test-method signature="deleteUser()[pri:4, instance:httpMethods.HttpRequestsClass@1d296da]" started-at="2024-12-08T20:45:04 IST" name="deleteUser" finished-at="2024-12-08T20:45:04 IST" depends-on-methods="httpMethods.HttpRequestsClass.createUser" duration-ms="408" status="PASS">
          <reporter-output>
          </reporter-output>
        </test-method> <!-- deleteUser -->
      </class> <!-- httpMethods.HttpRequestsClass -->
    </test> <!-- Default test -->
  </suite> <!-- Default suite -->
</testng-results>
